<?xml version="1.0" encoding="UTF-8"?>
<!-- Generated by org.testng.reporters.JUnitReportReporter -->
<testsuite hostname="LAPTOP-HFM62E22" failures="0" tests="5" name="Tests.ProductsTest" time="9.228" errors="0" timestamp="2025-02-09T19:12:41 ICT" skipped="0">
  <testcase classname="Tests.ProductsTest" name="validateNavigationToOnlineProducts" time="4.299"/>
  <testcase classname="Tests.ProductsTest" name="validateTitle" time="1.443"/>
  <testcase classname="Tests.ProductsTest" name="validateFirstFormalShoes" time="1.170"/>
  <testcase classname="Tests.ProductsTest" name="validateFirstSportsShoes" time="1.170"/>
  <testcase classname="Tests.ProductsTest" name="validateFirstSneakers" time="1.146"/>
</testsuite> <!-- Tests.ProductsTest -->
