<?xml version="1.0" encoding="UTF-8"?>
<!-- Generated by org.testng.reporters.JUnitReportReporter -->
<testsuite hostname="LAPTOP-HFM62E22" failures="0" tests="1" name="Tests.HomePageTest" time="2.974" errors="0" timestamp="2025-02-09T19:07:19 ICT" skipped="0">
  <testcase classname="Tests.HomePageTest" name="validateNavigationToOnlineProducts" time="2.974"/>
</testsuite> <!-- Tests.HomePageTest -->
